In file included from ../ext/bson.cc:35:
In file included from ../ext/bson.h:17:
/Users/kazmierczak/Documents/myApp2015/node_modules/mongoskin/node_modules/mongodb/node_modules/bson/node_modules/nan/nan.h:261:12: error: no member named 'New' in 'v8::String'
   return  _NAN_ERROR(v8::Exception::Error, errmsg);
           ^~~~~~~~~~~~~~~~~~~~~~~~~~~~~~~~~~~~~~~~
/Users/kazmierczak/Documents/myApp2015/node_modules/mongoskin/node_modules/mongodb/node_modules/bson/node_modules/nan/nan.h:252:21: note: expanded from macro '_NAN_ERROR'
    fun(v8::String::New(errmsg))
        ~~~~~~~~~~~~^
/Users/kazmierczak/Documents/myApp2015/node_modules/mongoskin/node_modules/mongodb/node_modules/bson/node_modules/nan/nan.h:265:5: error: no member named 'ThrowException' in namespace 'v8'
    _NAN_THROW_ERROR(v8::Exception::Error, errmsg);
    ^~~~~~~~~~~~~~~~~~~~~~~~~~~~~~~~~~~~~~~~~~~~~~
/Users/kazmierczak/Documents/myApp2015/node_modules/mongoskin/node_modules/mongodb/node_modules/bson/node_modules/nan/nan.h:257:11: note: expanded from macro '_NAN_THROW_ERROR'
      v8::ThrowException(_NAN_ERROR(fun, errmsg));                             \
      ~~~~^
/Users/kazmierczak/Documents/myApp2015/node_modules/mongoskin/node_modules/mongodb/node_modules/bson/node_modules/nan/nan.h:265:5: error: no member named 'New' in 'v8::String'
    _NAN_THROW_ERROR(v8::Exception::Error, errmsg);
    ^~~~~~~~~~~~~~~~~~~~~~~~~~~~~~~~~~~~~~~~~~~~~~
/Users/kazmierczak/Documents/myApp2015/node_modules/mongoskin/node_modules/mongodb/node_modules/bson/node_modules/nan/nan.h:257:26: note: expanded from macro '_NAN_THROW_ERROR'
      v8::ThrowException(_NAN_ERROR(fun, errmsg));                             \
                         ^~~~~~~~~~~~~~~~~~~~~~~
/Users/kazmierczak/Documents/myApp2015/node_modules/mongoskin/node_modules/mongodb/node_modules/bson/node_modules/nan/nan.h:252:21: note: expanded from macro '_NAN_ERROR'
    fun(v8::String::New(errmsg))
        ~~~~~~~~~~~~^
/Users/kazmierczak/Documents/myApp2015/node_modules/mongoskin/node_modules/mongodb/node_modules/bson/node_modules/nan/nan.h:270:9: error: no type named 'ThrowException' in namespace 'v8'
    v8::ThrowException(error);
    ~~~~^
/Users/kazmierczak/Documents/myApp2015/node_modules/mongoskin/node_modules/mongodb/node_modules/bson/node_modules/nan/nan.h:276:65: error: no member named 'New' in 'v8::String'
    v8::Local<v8::Value> err = v8::Exception::Error(v8::String::New(msg));
                                                    ~~~~~~~~~~~~^
/Users/kazmierczak/Documents/myApp2015/node_modules/mongoskin/node_modules/mongodb/node_modules/bson/node_modules/nan/nan.h:278:26: error: no member named 'New' in 'v8::String'
    obj->Set(v8::String::New("code"), v8::Int32::New(errorNumber));
             ~~~~~~~~~~~~^
/Users/kazmierczak/Documents/myApp2015/node_modules/mongoskin/node_modules/mongodb/node_modules/bson/node_modules/nan/nan.h:278:65: error: too few arguments to function call, expected 2, have 1
    obj->Set(v8::String::New("code"), v8::Int32::New(errorNumber));
                                      ~~~~~~~~~~~~~~            ^
/Users/kazmierczak/.node-gyp/0.12.2/deps/v8/include/v8.h:2012:3: note: 'New' declared here
  static Local<Integer> New(Isolate* isolate, int32_t value);
  ^
In file included from ../ext/bson.cc:35:
In file included from ../ext/bson.h:17:
/Users/kazmierczak/Documents/myApp2015/node_modules/mongoskin/node_modules/mongodb/node_modules/bson/node_modules/nan/nan.h:289:12: error: no member named 'New' in 'v8::String'
    return _NAN_ERROR(v8::Exception::TypeError, errmsg);
           ^~~~~~~~~~~~~~~~~~~~~~~~~~~~~~~~~~~~~~~~~~~~
/Users/kazmierczak/Documents/myApp2015/node_modules/mongoskin/node_modules/mongodb/node_modules/bson/node_modules/nan/nan.h:252:21: note: expanded from macro '_NAN_ERROR'
    fun(v8::String::New(errmsg))
        ~~~~~~~~~~~~^
/Users/kazmierczak/Documents/myApp2015/node_modules/mongoskin/node_modules/mongodb/node_modules/bson/node_modules/nan/nan.h:293:5: error: no member named 'ThrowException' in namespace 'v8'
    _NAN_THROW_ERROR(v8::Exception::TypeError, errmsg);
    ^~~~~~~~~~~~~~~~~~~~~~~~~~~~~~~~~~~~~~~~~~~~~~~~~~
/Users/kazmierczak/Documents/myApp2015/node_modules/mongoskin/node_modules/mongodb/node_modules/bson/node_modules/nan/nan.h:257:11: note: expanded from macro '_NAN_THROW_ERROR'
      v8::ThrowException(_NAN_ERROR(fun, errmsg));                             \
      ~~~~^
/Users/kazmierczak/Documents/myApp2015/node_modules/mongoskin/node_modules/mongodb/node_modules/bson/node_modules/nan/nan.h:293:5: error: no member named 'New' in 'v8::String'
    _NAN_THROW_ERROR(v8::Exception::TypeError, errmsg);
    ^~~~~~~~~~~~~~~~~~~~~~~~~~~~~~~~~~~~~~~~~~~~~~~~~~
/Users/kazmierczak/Documents/myApp2015/node_modules/mongoskin/node_modules/mongodb/node_modules/bson/node_modules/nan/nan.h:257:26: note: expanded from macro '_NAN_THROW_ERROR'
      v8::ThrowException(_NAN_ERROR(fun, errmsg));                             \
                         ^~~~~~~~~~~~~~~~~~~~~~~
/Users/kazmierczak/Documents/myApp2015/node_modules/mongoskin/node_modules/mongodb/node_modules/bson/node_modules/nan/nan.h:252:21: note: expanded from macro '_NAN_ERROR'
    fun(v8::String::New(errmsg))
        ~~~~~~~~~~~~^
/Users/kazmierczak/Documents/myApp2015/node_modules/mongoskin/node_modules/mongodb/node_modules/bson/node_modules/nan/nan.h:297:12: error: no member named 'New' in 'v8::String'
    return _NAN_ERROR(v8::Exception::RangeError, errmsg);
           ^~~~~~~~~~~~~~~~~~~~~~~~~~~~~~~~~~~~~~~~~~~~~
/Users/kazmierczak/Documents/myApp2015/node_modules/mongoskin/node_modules/mongodb/node_modules/bson/node_modules/nan/nan.h:252:21: note: expanded from macro '_NAN_ERROR'
    fun(v8::String::New(errmsg))
        ~~~~~~~~~~~~^
/Users/kazmierczak/Documents/myApp2015/node_modules/mongoskin/node_modules/mongodb/node_modules/bson/node_modules/nan/nan.h:301:5: error: no member named 'ThrowException' in namespace 'v8'
    _NAN_THROW_ERROR(v8::Exception::RangeError, errmsg);
    ^~~~~~~~~~~~~~~~~~~~~~~~~~~~~~~~~~~~~~~~~~~~~~~~~~~
/Users/kazmierczak/Documents/myApp2015/node_modules/mongoskin/node_modules/mongodb/node_modules/bson/node_modules/nan/nan.h:257:11: note: expanded from macro '_NAN_THROW_ERROR'
      v8::ThrowException(_NAN_ERROR(fun, errmsg));                             \
      ~~~~^
/Users/kazmierczak/Documents/myApp2015/node_modules/mongoskin/node_modules/mongodb/node_modules/bson/node_modules/nan/nan.h:301:5: error: no member named 'New' in 'v8::String'
    _NAN_THROW_ERROR(v8::Exception::RangeError, errmsg);
    ^~~~~~~~~~~~~~~~~~~~~~~~~~~~~~~~~~~~~~~~~~~~~~~~~~~
/Users/kazmierczak/Documents/myApp2015/node_modules/mongoskin/node_modules/mongodb/node_modules/bson/node_modules/nan/nan.h:257:26: note: expanded from macro '_NAN_THROW_ERROR'
      v8::ThrowException(_NAN_ERROR(fun, errmsg));                             \
                         ^~~~~~~~~~~~~~~~~~~~~~~
/Users/kazmierczak/Documents/myApp2015/node_modules/mongoskin/node_modules/mongodb/node_modules/bson/node_modules/nan/nan.h:252:21: note: expanded from macro '_NAN_ERROR'
    fun(v8::String::New(errmsg))
        ~~~~~~~~~~~~^
/Users/kazmierczak/Documents/myApp2015/node_modules/mongoskin/node_modules/mongodb/node_modules/bson/node_modules/nan/nan.h:544:49: error: too few arguments to function call, single argument 'isolate' was not specified
    v8::Local<v8::Object> obj = v8::Object::New();
                                ~~~~~~~~~~~~~~~ ^
/Users/kazmierczak/.node-gyp/0.12.2/deps/v8/include/v8.h:2388:3: note: 'New' declared here
  static Local<Object> New(Isolate* isolate);
  ^
In file included from ../ext/bson.cc:35:
In file included from ../ext/bson.h:17:
/Users/kazmierczak/Documents/myApp2015/node_modules/mongoskin/node_modules/mongodb/node_modules/bson/node_modules/nan/nan.h:545:14: error: no member named 'NewSymbol' in 'v8::String'; did you mean 'IsSymbol'?
    obj->Set(NanSymbol("callback"), fn);
             ^~~~~~~~~~~~~~~~~~~~~
/Users/kazmierczak/Documents/myApp2015/node_modules/mongoskin/node_modules/mongodb/node_modules/bson/node_modules/nan/nan.h:141:38: note: expanded from macro 'NanSymbol'
#define NanSymbol(value) v8::String::NewSymbol(value)
                         ~~~~~~~~~~~~^
/Users/kazmierczak/.node-gyp/0.12.2/deps/v8/include/v8.h:1379:8: note: 'IsSymbol' declared here
  bool IsSymbol() const;
       ^
In file included from ../ext/bson.cc:35:
In file included from ../ext/bson.h:17:
/Users/kazmierczak/Documents/myApp2015/node_modules/mongoskin/node_modules/mongodb/node_modules/bson/node_modules/nan/nan.h:545:14: error: call to non-static member function without an object argument
    obj->Set(NanSymbol("callback"), fn);
             ^~~~~~~~~~~~~~~~~~~~~
/Users/kazmierczak/Documents/myApp2015/node_modules/mongoskin/node_modules/mongodb/node_modules/bson/node_modules/nan/nan.h:141:38: note: expanded from macro 'NanSymbol'
#define NanSymbol(value) v8::String::NewSymbol(value)
                         ~~~~~~~~~~~~^~~~~~~~~
/Users/kazmierczak/Documents/myApp2015/node_modules/mongoskin/node_modules/mongodb/node_modules/bson/node_modules/nan/nan.h:551:12: error: no member named 'Dispose' in 'v8::Persistent<v8::Object, v8::NonCopyablePersistentTraits<v8::Object> >'
    handle.Dispose();
    ~~~~~~ ^
/Users/kazmierczak/Documents/myApp2015/node_modules/mongoskin/node_modules/mongodb/node_modules/bson/node_modules/nan/nan.h:552:12: error: no member named 'Clear' in 'v8::Persistent<v8::Object, v8::NonCopyablePersistentTraits<v8::Object> >'
    handle.Clear();
    ~~~~~~ ^
/Users/kazmierczak/Documents/myApp2015/node_modules/mongoskin/node_modules/mongodb/node_modules/bson/node_modules/nan/nan.h:556:46: error: no member named 'NewSymbol' in 'v8::String'; did you mean 'IsSymbol'?
    return NanPersistentToLocal(handle)->Get(NanSymbol("callback"))
                                             ^~~~~~~~~~~~~~~~~~~~~
/Users/kazmierczak/Documents/myApp2015/node_modules/mongoskin/node_modules/mongodb/node_modules/bson/node_modules/nan/nan.h:141:38: note: expanded from macro 'NanSymbol'
#define NanSymbol(value) v8::String::NewSymbol(value)
                         ~~~~~~~~~~~~^
/Users/kazmierczak/.node-gyp/0.12.2/deps/v8/include/v8.h:1379:8: note: 'IsSymbol' declared here
  bool IsSymbol() const;
       ^
fatal error: too many errors emitted, stopping now [-ferror-limit=]
20 errors generated.
make: *** [Release/obj.target/bson/ext/bson.o] Error 1
gyp ERR! build error 
gyp ERR! stack Error: `make` failed with exit code: 2
gyp ERR! stack     at ChildProcess.onExit (/usr/local/lib/node_modules/npm/node_modules/node-gyp/lib/build.js:269:23)
gyp ERR! stack     at ChildProcess.emit (events.js:110:17)
gyp ERR! stack     at Process.ChildProcess._handle.onexit (child_process.js:1074:12)
gyp ERR! System Darwin 14.3.0
gyp ERR! command "node" "/usr/local/lib/node_modules/npm/node_modules/node-gyp/bin/node-gyp.js" "rebuild"
gyp ERR! cwd /Users/kazmierczak/Documents/myApp2015/node_modules/mongoskin/node_modules/mongodb/node_modules/bson
gyp ERR! node -v v0.12.2
gyp ERR! node-gyp -v v1.0.3
gyp ERR! not ok 
